<?xml version="1.0" encoding="UTF-8"?>
<!-- Generated by org.testng.reporters.JUnitReportReporter -->
<testsuite hostname="Aparna" failures="0" tests="3" name="product_module_Generic_testng.Product102Test" time="58.576" errors="0" timestamp="2024-04-17T18:22:17 IST" skipped="0">
  <testcase classname="product_module_Generic_testng.Product102Test" name="EditingProduct" time="18.751"/>
  <system-out/>
  <testcase classname="product_module_Generic_testng.Product102Test" name="SearchingTheCreatedProduct" time="18.984"/>
  <system-out/>
  <testcase classname="product_module_Generic_testng.Product102Test" name="DublicatingProduct" time="20.841"/>
  <system-out/>
</testsuite> <!-- product_module_Generic_testng.Product102Test -->
