<?xml version="1.0" encoding="UTF-8"?>
<!-- Generated by org.testng.reporters.JUnitReportReporter -->
<testsuite hostname="Aparna" failures="0" tests="1" name="product_module_Generic_testng.Product101Test" time="18.730" errors="0" timestamp="2024-04-18T13:27:32 IST" skipped="0">
  <testcase classname="product_module_Generic_testng.Product101Test" name="creatingProduct" time="18.730"/>
  <system-out/>
</testsuite> <!-- product_module_Generic_testng.Product101Test -->
