<?xml version="1.0" encoding="UTF-8"?>
<!-- Generated by org.testng.reporters.JUnitReportReporter -->
<testsuite hostname="Aparna" failures="0" tests="1" name="product_module_Generic.EditingProduct_GenericUtilsTest" time="18.037" errors="0" timestamp="2024-04-17T17:53:44 IST" skipped="0">
  <testcase classname="product_module_Generic.EditingProduct_GenericUtilsTest" name="EditingProduct" time="18.037"/>
  <system-out/>
</testsuite> <!-- product_module_Generic.EditingProduct_GenericUtilsTest -->
