<?xml version="1.0" encoding="UTF-8"?>
<!-- Generated by org.testng.reporters.JUnitReportReporter -->
<testsuite hostname="Aparna" failures="0" tests="1" name="product_module_Generic.SearchingTheCreatedProduct_GenericUtilsTest" time="21.634" errors="0" timestamp="2024-04-12T12:33:39 IST" skipped="0">
  <testcase classname="product_module_Generic.SearchingTheCreatedProduct_GenericUtilsTest" name="SearchingTheCreatedProduct" time="21.634"/>
  <system-out/>
</testsuite> <!-- product_module_Generic.SearchingTheCreatedProduct_GenericUtilsTest -->
