<?xml version="1.0" encoding="UTF-8"?>
<!-- Generated by org.testng.reporters.JUnitReportReporter -->
<testsuite hostname="Aparna" failures="0" tests="17" name="product_module.practice" time="0.072" errors="0" timestamp="2024-04-08T11:39:57 IST" skipped="1">
  <testcase classname="product_module.practice" name="getCampaignDataFromTest2" time="0.001"/>
  <system-out/>
  <testcase classname="product_module.practice" name="getCampaignDataFromTest2" time="0.002"/>
  <system-out/>
  <testcase classname="product_module.practice" name="getCampaignDataFromTest2" time="0.002"/>
  <system-out/>
  <testcase classname="product_module.practice" name="getCampaignDataFromTest2" time="0.006"/>
  <system-out/>
  <testcase classname="product_module.practice" name="getCampaignDataFromTest2" time="0.001"/>
  <system-out/>
  <testcase classname="product_module.practice" name="getCampaignDataFromTest2" time="0.016"/>
  <system-out/>
  <testcase classname="product_module.practice" name="getCampaignDataFromTest2" time="0.003"/>
  <system-out/>
  <testcase classname="product_module.practice" name="getCampaignDataFromTest2" time="0.002"/>
  <system-out/>
  <testcase classname="product_module.practice" name="getCampaignDataFromTest2" time="0.001"/>
  <system-out/>
  <testcase classname="product_module.practice" name="getCampaignDataFromTest2" time="0.006"/>
  <system-out/>
  <testcase classname="product_module.practice" name="getCampaignDataFromTest2" time="0.005"/>
  <system-out/>
  <testcase classname="product_module.practice" name="getCampaignDataFromTest2" time="0.007"/>
  <system-out/>
  <testcase classname="product_module.practice" name="getCampaignDataFromTest2" time="0.001"/>
  <system-out/>
  <testcase classname="product_module.practice" name="getCampaignDataFromTest2" time="0.008"/>
  <system-out/>
  <testcase classname="product_module.practice" name="getCampaignDataFromTest2" time="0.005"/>
  <system-out/>
  <testcase classname="product_module.practice" name="getCampaignDataFromTest2" time="0.006"/>
  <system-out/>
  <testcase classname="product_module.practice" name="login">
    <skipped/>
  </testcase> <!-- login -->
  <system-out/>
</testsuite> <!-- product_module.practice -->
