<?xml version="1.0" encoding="UTF-8"?>
<!-- Generated by org.testng.reporters.JUnitReportReporter -->
<testsuite hostname="Aparna" failures="0" tests="1" name="product_module_Generic.DublicatingProduct_GenericUtilsTest" time="17.394" errors="0" timestamp="2024-04-17T18:15:03 IST" skipped="0">
  <testcase classname="product_module_Generic.DublicatingProduct_GenericUtilsTest" name="DublicatingProduct" time="17.394"/>
  <system-out/>
</testsuite> <!-- product_module_Generic.DublicatingProduct_GenericUtilsTest -->
