<?xml version="1.0" encoding="UTF-8"?>
<!-- Generated by org.testng.reporters.JUnitReportReporter -->
<testsuite hostname="Aparna" failures="0" tests="1" name="product_module_Generic.LoginToTheApp_GenericUtilsTest" time="4.233" errors="0" timestamp="2024-04-08T17:17:54 IST" skipped="0">
  <testcase classname="product_module_Generic.LoginToTheApp_GenericUtilsTest" name="loginToTheApp" time="4.233"/>
  <system-out/>
</testsuite> <!-- product_module_Generic.LoginToTheApp_GenericUtilsTest -->
